[INFO] Scanning for projects...
[INFO] 
[INFO] -------------------------< com.xperience:hero >-------------------------
[INFO] Building  0.0.1-SNAPSHOT
[INFO]   from pom.xml
[INFO] --------------------------------[ jar ]---------------------------------
[INFO] 
[INFO] >>> spring-boot:4.0.5:run (default-cli) > test-compile @ hero >>>
[INFO] 
[INFO] --- resources:3.3.1:resources (default-resources) @ hero ---
[INFO] Copying 1 resource from src\main\resources to target\classes
[INFO] Copying 0 resource from src\main\resources to target\classes
[INFO] 
[INFO] --- compiler:3.14.1:compile (default-compile) @ hero ---
[INFO] Nothing to compile - all classes are up to date.
[INFO] 
[INFO] --- resources:3.3.1:testResources (default-testResources) @ hero ---
[INFO] skip non existing resourceDirectory C:\Users\97250\Xperience-Task-1-2026-04\hero-backend\src\test\resources
[INFO] 
[INFO] --- compiler:3.14.1:testCompile (default-testCompile) @ hero ---
[INFO] Nothing to compile - all classes are up to date.
[INFO] 
[INFO] <<< spring-boot:4.0.5:run (default-cli) < test-compile @ hero <<<
[INFO] 
[INFO] 
[INFO] --- spring-boot:4.0.5:run (default-cli) @ hero ---
[INFO] Attaching agents: []

  .   ____          _            __ _ _
 /\\ / ___'_ __ _ _(_)_ __  __ _ \ \ \ \
( ( )\___ | '_ | '_| | '_ \/ _` | \ \ \ \
 \\/  ___)| |_)| | | | | || (_| |  ) ) ) )
  '  |____| .__|_| |_|_| |_\__, | / / / /
 =========|_|==============|___/=/_/_/_/

 :: Spring Boot ::                (v4.0.5)

2026-06-12T16:35:26.818+03:00  INFO 10652 --- [hero] [           main] com.xperience.hero.HeroApplication       : Starting HeroApplication using Java 18.0.1.1 with PID 10652 (C:\Users\97250\Xperience-Task-1-2026-04\hero-backend\target\classes started by 97250 in C:\Users\97250\Xperience-Task-1-2026-04\hero-backend)
2026-06-12T16:35:26.823+03:00  INFO 10652 --- [hero] [           main] com.xperience.hero.HeroApplication       : No active profile set, falling back to 1 default profile: "default"
2026-06-12T16:35:27.451+03:00  INFO 10652 --- [hero] [           main] .s.d.r.c.RepositoryConfigurationDelegate : Bootstrapping Spring Data JPA repositories in DEFAULT mode.
2026-06-12T16:35:27.525+03:00  INFO 10652 --- [hero] [           main] .s.d.r.c.RepositoryConfigurationDelegate : Finished Spring Data repository scanning in 63 ms. Found 4 JPA repository interfaces.
2026-06-12T16:35:27.988+03:00  INFO 10652 --- [hero] [           main] o.s.boot.tomcat.TomcatWebServer          : Tomcat initialized with port 8280 (http)
2026-06-12T16:35:28.004+03:00  INFO 10652 --- [hero] [           main] o.apache.catalina.core.StandardService   : Starting service [Tomcat]
2026-06-12T16:35:28.005+03:00  INFO 10652 --- [hero] [           main] o.apache.catalina.core.StandardEngine    : Starting Servlet engine: [Apache Tomcat/11.0.20]
2026-06-12T16:35:28.099+03:00  INFO 10652 --- [hero] [           main] b.w.c.s.WebApplicationContextInitializer : Root WebApplicationContext: initialization completed in 1220 ms
2026-06-12T16:35:28.294+03:00  INFO 10652 --- [hero] [           main] org.hibernate.orm.jpa                    : HHH008540: Processing PersistenceUnitInfo [name: default]
2026-06-12T16:35:28.395+03:00  INFO 10652 --- [hero] [           main] org.hibernate.orm.core                   : HHH000001: Hibernate ORM core version 7.2.7.Final
2026-06-12T16:35:28.945+03:00  INFO 10652 --- [hero] [           main] o.s.o.j.p.SpringPersistenceUnitInfo      : No LoadTimeWeaver setup: ignoring JPA class transformer
2026-06-12T16:35:28.986+03:00  INFO 10652 --- [hero] [           main] com.zaxxer.hikari.HikariDataSource       : HikariPool-1 - Starting...
2026-06-12T16:35:29.193+03:00  INFO 10652 --- [hero] [           main] com.zaxxer.hikari.pool.HikariPool        : HikariPool-1 - Added connection org.postgresql.jdbc.PgConnection@43445fc6
2026-06-12T16:35:29.194+03:00  INFO 10652 --- [hero] [           main] com.zaxxer.hikari.HikariDataSource       : HikariPool-1 - Start completed.
2026-06-12T16:35:29.239+03:00  WARN 10652 --- [hero] [           main] org.hibernate.orm.deprecation            : HHH90000025: PostgreSQLDialect does not need to be specified explicitly using 'hibernate.dialect' (remove the property setting and it will be selected by default)
2026-06-12T16:35:29.266+03:00  INFO 10652 --- [hero] [           main] org.hibernate.orm.connections.pooling    : HHH10001005: Database info:
	Database JDBC URL [jdbc:postgresql://localhost:5432/hero]
	Database driver: PostgreSQL JDBC Driver
	Database dialect: PostgreSQLDialect
	Database version: 17.10
	Default catalog/schema: hero/public
	Autocommit mode: undefined/unknown
	Isolation level: READ_COMMITTED [default READ_COMMITTED]
	JDBC fetch size: none
	Pool: DataSourceConnectionProvider
	Minimum pool size: undefined/unknown
	Maximum pool size: undefined/unknown
2026-06-12T16:35:30.311+03:00  INFO 10652 --- [hero] [           main] org.hibernate.orm.core                   : HHH000489: No JTA platform available (set 'hibernate.transaction.jta.platform' to enable JTA platform integration)
2026-06-12T16:35:30.390+03:00  INFO 10652 --- [hero] [           main] j.LocalContainerEntityManagerFactoryBean : Initialized JPA EntityManagerFactory for persistence unit 'default'
2026-06-12T16:35:30.469+03:00  INFO 10652 --- [hero] [           main] o.s.d.j.r.query.QueryEnhancerFactories   : Hibernate is in classpath; If applicable, HQL parser will be used.
2026-06-12T16:35:31.311+03:00  WARN 10652 --- [hero] [           main] JpaBaseConfiguration$JpaWebConfiguration : spring.jpa.open-in-view is enabled by default. Therefore, database queries may be performed during view rendering. Explicitly configure spring.jpa.open-in-view to disable this warning
2026-06-12T16:35:31.642+03:00  INFO 10652 --- [hero] [           main] o.s.boot.tomcat.TomcatWebServer          : Tomcat started on port 8280 (http) with context path '/'
2026-06-12T16:35:31.648+03:00  INFO 10652 --- [hero] [           main] com.xperience.hero.HeroApplication       : Started HeroApplication in 5.327 seconds (process running for 5.707)
2026-06-12T16:35:43.336+03:00  INFO 10652 --- [hero] [nio-8280-exec-1] o.a.c.c.C.[Tomcat].[localhost].[/]       : Initializing Spring DispatcherServlet 'dispatcherServlet'
2026-06-12T16:35:43.337+03:00  INFO 10652 --- [hero] [nio-8280-exec-1] o.s.web.servlet.DispatcherServlet        : Initializing Servlet 'dispatcherServlet'
2026-06-12T16:35:43.339+03:00  INFO 10652 --- [hero] [nio-8280-exec-1] o.s.web.servlet.DispatcherServlet        : Completed initialization in 1 ms
Hibernate: 
    select
        h1_0.id,
        h1_0.created_at,
        h1_0.email,
        h1_0.name,
        h1_0.password_hash,
        h1_0.session_token 
    from
        hero.hosts h1_0 
    where
        h1_0.email=?
Hibernate: 
    insert 
    into
        hero.hosts
        (created_at, email, name, password_hash, session_token) 
    values
        (?, ?, ?, ?, ?)
Hibernate: 
    select
        h1_0.id,
        h1_0.created_at,
        h1_0.email,
        h1_0.name,
        h1_0.password_hash,
        h1_0.session_token 
    from
        hero.hosts h1_0 
    where
        h1_0.email=?
Hibernate: 
    update
        hero.hosts 
    set
        email=?,
        name=?,
        password_hash=?,
        session_token=? 
    where
        id=?
Hibernate: 
    select
        h1_0.id,
        h1_0.created_at,
        h1_0.email,
        h1_0.name,
        h1_0.password_hash,
        h1_0.session_token 
    from
        hero.hosts h1_0 
    where
        h1_0.email=?
Hibernate: 
    select
        h1_0.id,
        h1_0.created_at,
        h1_0.email,
        h1_0.name,
        h1_0.password_hash,
        h1_0.session_token 
    from
        hero.hosts h1_0 
    where
        h1_0.session_token=?
Hibernate: 
    insert 
    into
        hero.events
        (created_at, description, event_date_time, host_id, location, max_capacity, status, title, updated_at) 
    values
        (?, ?, ?, ?, ?, ?, ?, ?, ?)
Hibernate: 
    select
        h1_0.id,
        h1_0.created_at,
        h1_0.email,
        h1_0.name,
        h1_0.password_hash,
        h1_0.session_token 
    from
        hero.hosts h1_0 
    where
        h1_0.session_token=?
Hibernate: 
    select
        e1_0.id,
        e1_0.created_at,
        e1_0.description,
        e1_0.event_date_time,
        e1_0.host_id,
        e1_0.location,
        e1_0.max_capacity,
        e1_0.status,
        e1_0.title,
        e1_0.updated_at 
    from
        hero.events e1_0 
    where
        e1_0.id=?
Hibernate: 
    select
        i1_0.id,
        i1_0.created_at,
        i1_0.event_id,
        i1_0.invite_token,
        i1_0.invitee_email,
        i1_0.updated_at 
    from
        hero.invitations i1_0 
    where
        i1_0.event_id=? 
        and i1_0.invitee_email=?
Hibernate: 
    insert 
    into
        hero.invitations
        (created_at, event_id, invite_token, invitee_email, updated_at) 
    values
        (?, ?, ?, ?, ?)
[EMAIL SENT] To=yaraghaben14@gmail.com
Hibernate: 
    select
        h1_0.id,
        h1_0.created_at,
        h1_0.email,
        h1_0.name,
        h1_0.password_hash,
        h1_0.session_token 
    from
        hero.hosts h1_0 
    where
        h1_0.session_token=?
Hibernate: 
    select
        e1_0.id,
        e1_0.created_at,
        e1_0.description,
        e1_0.event_date_time,
        e1_0.host_id,
        e1_0.location,
        e1_0.max_capacity,
        e1_0.status,
        e1_0.title,
        e1_0.updated_at 
    from
        hero.events e1_0 
    where
        e1_0.id=?
Hibernate: 
    select
        i1_0.id,
        i1_0.created_at,
        i1_0.event_id,
        i1_0.invite_token,
        i1_0.invitee_email,
        i1_0.updated_at 
    from
        hero.invitations i1_0 
    where
        i1_0.event_id=?
Hibernate: 
    select
        h1_0.id,
        h1_0.created_at,
        h1_0.email,
        h1_0.name,
        h1_0.password_hash,
        h1_0.session_token 
    from
        hero.hosts h1_0 
    where
        h1_0.session_token=?
Hibernate: 
    select
        e1_0.id,
        e1_0.created_at,
        e1_0.description,
        e1_0.event_date_time,
        e1_0.host_id,
        e1_0.location,
        e1_0.max_capacity,
        e1_0.status,
        e1_0.title,
        e1_0.updated_at 
    from
        hero.events e1_0 
    where
        e1_0.id=?
Hibernate: 
    select
        r1_0.id,
        r1_0.event_id,
        r1_0.invitation_id,
        r1_0.is_waitlisted,
        r1_0.responded_at,
        r1_0.response_status,
        r1_0.updated_at,
        r1_0.waitlist_position 
    from
        hero.rsvps r1_0 
    where
        r1_0.event_id=?
Hibernate: 
    select
        i1_0.id,
        i1_0.created_at,
        i1_0.event_id,
        i1_0.invite_token,
        i1_0.invitee_email,
        i1_0.updated_at 
    from
        hero.invitations i1_0 
    where
        i1_0.event_id=?
Hibernate: 
    select
        i1_0.id,
        i1_0.created_at,
        i1_0.event_id,
        i1_0.invite_token,
        i1_0.invitee_email,
        i1_0.updated_at 
    from
        hero.invitations i1_0 
    where
        i1_0.invite_token=?
Hibernate: 
    select
        e1_0.id,
        e1_0.created_at,
        e1_0.description,
        e1_0.event_date_time,
        e1_0.host_id,
        e1_0.location,
        e1_0.max_capacity,
        e1_0.status,
        e1_0.title,
        e1_0.updated_at 
    from
        hero.events e1_0 
    where
        e1_0.id=?
Hibernate: 
    select
        r1_0.id,
        r1_0.event_id,
        r1_0.invitation_id,
        r1_0.is_waitlisted,
        r1_0.responded_at,
        r1_0.response_status,
        r1_0.updated_at,
        r1_0.waitlist_position 
    from
        hero.rsvps r1_0 
    where
        r1_0.invitation_id=?
Hibernate: 
    select
        count(r1_0.id) 
    from
        hero.rsvps r1_0 
    where
        r1_0.event_id=? 
        and r1_0.response_status='YES_CONFIRMED'
Hibernate: 
    insert 
    into
        hero.rsvps
        (event_id, invitation_id, is_waitlisted, responded_at, response_status, updated_at, waitlist_position) 
    values
        (?, ?, ?, ?, ?, ?, ?)
Hibernate: 
    select
        h1_0.id,
        h1_0.created_at,
        h1_0.email,
        h1_0.name,
        h1_0.password_hash,
        h1_0.session_token 
    from
        hero.hosts h1_0 
    where
        h1_0.session_token=?
Hibernate: 
    select
        e1_0.id,
        e1_0.created_at,
        e1_0.description,
        e1_0.event_date_time,
        e1_0.host_id,
        e1_0.location,
        e1_0.max_capacity,
        e1_0.status,
        e1_0.title,
        e1_0.updated_at 
    from
        hero.events e1_0 
    where
        e1_0.id=?
Hibernate: 
    select
        r1_0.id,
        r1_0.event_id,
        r1_0.invitation_id,
        r1_0.is_waitlisted,
        r1_0.responded_at,
        r1_0.response_status,
        r1_0.updated_at,
        r1_0.waitlist_position 
    from
        hero.rsvps r1_0 
    where
        r1_0.event_id=?
Hibernate: 
    select
        i1_0.id,
        i1_0.created_at,
        i1_0.event_id,
        i1_0.invite_token,
        i1_0.invitee_email,
        i1_0.updated_at 
    from
        hero.invitations i1_0 
    where
        i1_0.event_id=?
Hibernate: 
    select
        h1_0.id,
        h1_0.created_at,
        h1_0.email,
        h1_0.name,
        h1_0.password_hash,
        h1_0.session_token 
    from
        hero.hosts h1_0 
    where
        h1_0.email=?
Hibernate: 
    insert 
    into
        hero.hosts
        (created_at, email, name, password_hash, session_token) 
    values
        (?, ?, ?, ?, ?)
Hibernate: 
    select
        h1_0.id,
        h1_0.created_at,
        h1_0.email,
        h1_0.name,
        h1_0.password_hash,
        h1_0.session_token 
    from
        hero.hosts h1_0 
    where
        h1_0.session_token=?
Hibernate: 
    select
        e1_0.id,
        e1_0.created_at,
        e1_0.description,
        e1_0.event_date_time,
        e1_0.host_id,
        e1_0.location,
        e1_0.max_capacity,
        e1_0.status,
        e1_0.title,
        e1_0.updated_at 
    from
        hero.events e1_0 
    where
        e1_0.id=?
Hibernate: 
    select
        h1_0.id,
        h1_0.created_at,
        h1_0.email,
        h1_0.name,
        h1_0.password_hash,
        h1_0.session_token 
    from
        hero.hosts h1_0 
    where
        h1_0.session_token=?
Hibernate: 
    update
        hero.hosts 
    set
        email=?,
        name=?,
        password_hash=?,
        session_token=? 
    where
        id=?
Hibernate: 
    select
        h1_0.id,
        h1_0.created_at,
        h1_0.email,
        h1_0.name,
        h1_0.password_hash,
        h1_0.session_token 
    from
        hero.hosts h1_0 
    where
        h1_0.session_token=?
